<?xml version="1.0" encoding="UTF-8"?>
<testng-results ignored="0" total="7" passed="6" failed="1" skipped="0">
  <reporter-output>
  </reporter-output>
  <suite started-at="2023-11-28T17:22:49 PKT" name="Suite Name" finished-at="2023-11-28T17:24:48 PKT" duration-ms="119447">
    <groups>
    </groups>
    <test started-at="2023-11-28T17:22:49 PKT" name="Test All Operations" finished-at="2023-11-28T17:24:48 PKT" duration-ms="119447">
      <class name="testCases.VerifyHomeScreen">
        <test-method is-config="true" signature="startUp()[pri:0, instance:testCases.VerifyHomeScreen@63a65a25]" started-at="2023-11-28T17:24:12 PKT" name="startUp" finished-at="2023-11-28T17:24:27 PKT" duration-ms="15201" status="PASS">
          <reporter-output>
          </reporter-output>
        </test-method> <!-- startUp -->
        <test-method is-config="true" signature="restartApp()[pri:0, instance:testCases.VerifyHomeScreen@63a65a25]" started-at="2023-11-28T17:24:27 PKT" name="restartApp" finished-at="2023-11-28T17:24:32 PKT" duration-ms="4579" status="PASS">
          <reporter-output>
          </reporter-output>
        </test-method> <!-- restartApp -->
        <test-method signature="verifyHomeScreen()[pri:0, instance:testCases.VerifyHomeScreen@63a65a25]" started-at="2023-11-28T17:24:32 PKT" name="verifyHomeScreen" finished-at="2023-11-28T17:24:34 PKT" duration-ms="2160" status="PASS">
          <reporter-output>
          </reporter-output>
        </test-method> <!-- verifyHomeScreen -->
        <test-method is-config="true" signature="restartApp()[pri:0, instance:testCases.VerifyHomeScreen@63a65a25]" started-at="2023-11-28T17:24:34 PKT" name="restartApp" finished-at="2023-11-28T17:24:39 PKT" duration-ms="4617" status="PASS">
          <reporter-output>
          </reporter-output>
        </test-method> <!-- restartApp -->
        <test-method signature="readContent()[pri:2, instance:testCases.VerifyHomeScreen@63a65a25]" started-at="2023-11-28T17:24:39 PKT" name="readContent" finished-at="2023-11-28T17:24:48 PKT" duration-ms="8670" status="PASS">
          <reporter-output>
          </reporter-output>
        </test-method> <!-- readContent -->
        <test-method is-config="true" signature="tearUp()[pri:0, instance:testCases.VerifyHomeScreen@63a65a25]" started-at="2023-11-28T17:24:48 PKT" name="tearUp" finished-at="2023-11-28T17:24:48 PKT" duration-ms="716" status="PASS">
          <reporter-output>
          </reporter-output>
        </test-method> <!-- tearUp -->
      </class> <!-- testCases.VerifyHomeScreen -->
      <class name="testCases.ViewsTestCases">
        <test-method is-config="true" signature="startUp()[pri:0, instance:testCases.ViewsTestCases@6b26e945]" started-at="2023-11-28T17:23:34 PKT" name="startUp" finished-at="2023-11-28T17:23:49 PKT" duration-ms="15821" status="PASS">
          <reporter-output>
          </reporter-output>
        </test-method> <!-- startUp -->
        <test-method is-config="true" signature="restartApp()[pri:0, instance:testCases.ViewsTestCases@6b26e945]" started-at="2023-11-28T17:23:49 PKT" name="restartApp" finished-at="2023-11-28T17:23:54 PKT" duration-ms="4598" status="PASS">
          <reporter-output>
          </reporter-output>
        </test-method> <!-- restartApp -->
        <test-method signature="openIconGrid()[pri:1, instance:testCases.ViewsTestCases@6b26e945]" started-at="2023-11-28T17:23:54 PKT" name="openIconGrid" finished-at="2023-11-28T17:23:58 PKT" duration-ms="3942" status="FAIL">
          <exception class="org.openqa.selenium.NoSuchElementException">
            <message>
              <![CDATA[Can't locate an element by this strategy: By.chained({By.xpath: //android.widget.TextView[@content-desc='Views']})]]>
            </message>
            <full-stacktrace>
              <![CDATA[org.openqa.selenium.NoSuchElementException: Can't locate an element by this strategy: By.chained({By.xpath: //android.widget.TextView[@content-desc='Views']})
at io.appium.java_client.pagefactory.AppiumElementLocator.findElement(AppiumElementLocator.java:166)
at io.appium.java_client.pagefactory.interceptors.InterceptorOfASingleElement.call(InterceptorOfASingleElement.java:64)
at io.appium.java_client.proxy.Interceptor.intercept(Interceptor.java:77)
at org.openqa.selenium.remote.RemoteWebElement$ByteBuddy$a89f1nh0.getText(Unknown Source)
at testCases.ViewsTestCases.openIconGrid(ViewsTestCases.java:31)
at java.base/jdk.internal.reflect.DirectMethodHandleAccessor.invoke(DirectMethodHandleAccessor.java:103)
at java.base/java.lang.reflect.Method.invoke(Method.java:580)
at org.testng.internal.invokers.MethodInvocationHelper.invokeMethod(MethodInvocationHelper.java:139)
at org.testng.internal.invokers.TestInvoker.invokeMethod(TestInvoker.java:664)
at org.testng.internal.invokers.TestInvoker.invokeTestMethod(TestInvoker.java:227)
at org.testng.internal.invokers.MethodRunner.runInSequence(MethodRunner.java:50)
at org.testng.internal.invokers.TestInvoker$MethodInvocationAgent.invoke(TestInvoker.java:957)
at org.testng.internal.invokers.TestInvoker.invokeTestMethods(TestInvoker.java:200)
at org.testng.internal.invokers.TestMethodWorker.invokeTestMethods(TestMethodWorker.java:148)
at org.testng.internal.invokers.TestMethodWorker.run(TestMethodWorker.java:128)
at java.base/java.util.ArrayList.forEach(ArrayList.java:1596)
at org.testng.TestRunner.privateRun(TestRunner.java:848)
at org.testng.TestRunner.run(TestRunner.java:621)
at org.testng.SuiteRunner.runTest(SuiteRunner.java:443)
at org.testng.SuiteRunner.runSequentially(SuiteRunner.java:437)
at org.testng.SuiteRunner.privateRun(SuiteRunner.java:397)
at org.testng.SuiteRunner.run(SuiteRunner.java:336)
at org.testng.SuiteRunnerWorker.runSuite(SuiteRunnerWorker.java:52)
at org.testng.SuiteRunnerWorker.run(SuiteRunnerWorker.java:95)
at org.testng.TestNG.runSuitesSequentially(TestNG.java:1280)
at org.testng.TestNG.runSuitesLocally(TestNG.java:1200)
at org.testng.TestNG.runSuites(TestNG.java:1114)
at org.testng.TestNG.run(TestNG.java:1082)
at org.apache.maven.surefire.testng.TestNGExecutor.run(TestNGExecutor.java:283)
at org.apache.maven.surefire.testng.TestNGXmlTestSuite.execute(TestNGXmlTestSuite.java:75)
at org.apache.maven.surefire.testng.TestNGProvider.invoke(TestNGProvider.java:120)
at org.apache.maven.surefire.booter.ForkedBooter.invokeProviderInSameClassLoader(ForkedBooter.java:384)
at org.apache.maven.surefire.booter.ForkedBooter.runSuitesInProcess(ForkedBooter.java:345)
at org.apache.maven.surefire.booter.ForkedBooter.execute(ForkedBooter.java:126)
at org.apache.maven.surefire.booter.ForkedBooter.main(ForkedBooter.java:418)
Caused by: org.openqa.selenium.TimeoutException: Expected condition failed: waiting for io.appium.java_client.pagefactory.AppiumElementLocator$WaitingFunction@39d77de9 (tried for 1 second(s) with 500 milliseconds interval)
at org.openqa.selenium.support.ui.FluentWait.timeoutException(FluentWait.java:261)
at org.openqa.selenium.support.ui.FluentWait.until(FluentWait.java:229)
at io.appium.java_client.pagefactory.AppiumElementLocator.waitFor(AppiumElementLocator.java:135)
at io.appium.java_client.pagefactory.AppiumElementLocator.findElement(AppiumElementLocator.java:160)
... 34 more
Caused by: org.openqa.selenium.NoSuchElementException: Cannot locate an element using By.chained({By.xpath: //android.widget.TextView[@content-desc='Views']})
For documentation on this error, please visit: https://www.selenium.dev/documentation/webdriver/troubleshooting/errors#no-such-element-exception
Build info: version: '4.15.0', revision: '1d14b5521b'
System info: os.name: 'Windows 11', os.arch: 'amd64', os.version: '10.0', java.version: '21.0.1'
Driver info: driver.version: RemoteWebDriver
at io.appium.java_client.pagefactory.bys.builder.ByChained.findElement(ByChained.java:77)
at org.openqa.selenium.remote.ElementLocation$ElementFinder$1.findElement(ElementLocation.java:139)
at org.openqa.selenium.remote.ElementLocation.findElement(ElementLocation.java:59)
at org.openqa.selenium.remote.RemoteWebDriver.findElement(RemoteWebDriver.java:364)
at org.openqa.selenium.remote.RemoteWebDriver.findElement(RemoteWebDriver.java:358)
at io.appium.java_client.pagefactory.bys.ContentMappedBy.findElement(ContentMappedBy.java:53)
at org.openqa.selenium.remote.ElementLocation$ElementFinder$1.findElement(ElementLocation.java:139)
at org.openqa.selenium.remote.ElementLocation.findElement(ElementLocation.java:59)
at org.openqa.selenium.remote.RemoteWebDriver.findElement(RemoteWebDriver.java:364)
at org.openqa.selenium.remote.RemoteWebDriver.findElement(RemoteWebDriver.java:358)
at io.appium.java_client.pagefactory.AppiumElementLocator.lambda$findElement$1(AppiumElementLocator.java:160)
at io.appium.java_client.pagefactory.AppiumElementLocator$WaitingFunction.apply(AppiumElementLocator.java:217)
at io.appium.java_client.pagefactory.AppiumElementLocator$WaitingFunction.apply(AppiumElementLocator.java:210)
at org.openqa.selenium.support.ui.FluentWait.until(FluentWait.java:204)
... 36 more
]]>
            </full-stacktrace>
          </exception> <!-- org.openqa.selenium.NoSuchElementException -->
          <reporter-output>
          </reporter-output>
        </test-method> <!-- openIconGrid -->
        <test-method is-config="true" signature="restartApp()[pri:0, instance:testCases.ViewsTestCases@6b26e945]" started-at="2023-11-28T17:23:58 PKT" name="restartApp" finished-at="2023-11-28T17:24:03 PKT" duration-ms="4773" status="PASS">
          <reporter-output>
          </reporter-output>
        </test-method> <!-- restartApp -->
        <test-method signature="readContent()[pri:2, instance:testCases.ViewsTestCases@6b26e945]" started-at="2023-11-28T17:24:03 PKT" name="readContent" finished-at="2023-11-28T17:24:12 PKT" duration-ms="8792" status="PASS">
          <reporter-output>
          </reporter-output>
        </test-method> <!-- readContent -->
        <test-method is-config="true" signature="tearUp()[pri:0, instance:testCases.ViewsTestCases@6b26e945]" started-at="2023-11-28T17:24:12 PKT" name="tearUp" finished-at="2023-11-28T17:24:12 PKT" duration-ms="680" status="PASS">
          <reporter-output>
          </reporter-output>
        </test-method> <!-- tearUp -->
      </class> <!-- testCases.ViewsTestCases -->
      <class name="testCases.ChechIconGrid">
        <test-method is-config="true" signature="startUp()[pri:0, instance:testCases.ChechIconGrid@33afa13b]" started-at="2023-11-28T17:22:49 PKT" name="startUp" finished-at="2023-11-28T17:23:07 PKT" duration-ms="18503" status="PASS">
          <reporter-output>
          </reporter-output>
        </test-method> <!-- startUp -->
        <test-method is-config="true" signature="restartApp()[pri:0, instance:testCases.ChechIconGrid@33afa13b]" started-at="2023-11-28T17:23:07 PKT" name="restartApp" finished-at="2023-11-28T17:23:12 PKT" duration-ms="4651" status="PASS">
          <reporter-output>
          </reporter-output>
        </test-method> <!-- restartApp -->
        <test-method signature="openViewsPage()[pri:0, instance:testCases.ChechIconGrid@33afa13b]" started-at="2023-11-28T17:23:12 PKT" name="openViewsPage" finished-at="2023-11-28T17:23:15 PKT" duration-ms="3014" status="PASS">
          <reporter-output>
          </reporter-output>
        </test-method> <!-- openViewsPage -->
        <test-method is-config="true" signature="restartApp()[pri:0, instance:testCases.ChechIconGrid@33afa13b]" started-at="2023-11-28T17:23:15 PKT" name="restartApp" finished-at="2023-11-28T17:23:20 PKT" duration-ms="4652" status="PASS">
          <reporter-output>
          </reporter-output>
        </test-method> <!-- restartApp -->
        <test-method signature="verifyViewsPage()[pri:0, instance:testCases.ChechIconGrid@33afa13b]" started-at="2023-11-28T17:23:20 PKT" name="verifyViewsPage" finished-at="2023-11-28T17:23:20 PKT" duration-ms="40" status="PASS">
          <reporter-output>
          </reporter-output>
        </test-method> <!-- verifyViewsPage -->
        <test-method is-config="true" signature="restartApp()[pri:0, instance:testCases.ChechIconGrid@33afa13b]" started-at="2023-11-28T17:23:20 PKT" name="restartApp" finished-at="2023-11-28T17:23:24 PKT" duration-ms="4576" status="PASS">
          <reporter-output>
          </reporter-output>
        </test-method> <!-- restartApp -->
        <test-method signature="readContent()[pri:2, instance:testCases.ChechIconGrid@33afa13b]" started-at="2023-11-28T17:23:24 PKT" name="readContent" finished-at="2023-11-28T17:23:33 PKT" duration-ms="8677" status="PASS">
          <reporter-output>
          </reporter-output>
        </test-method> <!-- readContent -->
        <test-method is-config="true" signature="tearUp()[pri:0, instance:testCases.ChechIconGrid@33afa13b]" started-at="2023-11-28T17:23:33 PKT" name="tearUp" finished-at="2023-11-28T17:23:34 PKT" duration-ms="728" status="PASS">
          <reporter-output>
          </reporter-output>
        </test-method> <!-- tearUp -->
      </class> <!-- testCases.ChechIconGrid -->
    </test> <!-- Test All Operations -->
  </suite> <!-- Suite Name -->
</testng-results>
